  [1m[35m (1367.2ms)[0m  [1m[35mCREATE DATABASE "RedditClone_development" ENCODING = 'unicode'[0m
  ↳ bin/rails:9
  [1m[35m (1069.2ms)[0m  [1m[35mCREATE DATABASE "RedditClone_test" ENCODING = 'unicode'[0m
  ↳ bin/rails:9
  [1m[35m (64.4ms)[0m  [1m[35mCREATE TABLE "schema_migrations" ("version" character varying NOT NULL PRIMARY KEY)[0m
  ↳ bin/rails:9
  [1m[35m (4.6ms)[0m  [1m[35mCREATE TABLE "ar_internal_metadata" ("key" character varying NOT NULL PRIMARY KEY, "value" character varying, "created_at" timestamp NOT NULL, "updated_at" timestamp NOT NULL)[0m
  ↳ bin/rails:9
  [1m[35m (0.2ms)[0m  [1m[34mSELECT pg_try_advisory_lock(6711173107426626090)[0m
  ↳ bin/rails:9
  [1m[35m (3.4ms)[0m  [1m[34mSELECT "schema_migrations"."version" FROM "schema_migrations" ORDER BY "schema_migrations"."version" ASC[0m
  ↳ bin/rails:9
Migrating to CreateUsers (20220121162315)
  [1m[35m (0.1ms)[0m  [1m[35mBEGIN[0m
  ↳ bin/rails:9
  [1m[35m (7.4ms)[0m  [1m[35mCREATE TABLE "users" ("id" bigserial primary key, "username" character varying NOT NULL, "email" character varying NOT NULL, "password_digest" character varying, "session_token" character varying, "created_at" timestamp NOT NULL, "updated_at" timestamp NOT NULL)[0m
  ↳ db/migrate/20220121162315_create_users.rb:3
  [1m[35m (1.6ms)[0m  [1m[35mCREATE  INDEX  "index_users_on_username" ON "users"  ("username")[0m
  ↳ db/migrate/20220121162315_create_users.rb:12
  [1m[35m (1.6ms)[0m  [1m[35mCREATE  INDEX  "index_users_on_session_token" ON "users"  ("session_token")[0m
  ↳ db/migrate/20220121162315_create_users.rb:13
  [1m[36mActiveRecord::SchemaMigration Create (0.6ms)[0m  [1m[32mINSERT INTO "schema_migrations" ("version") VALUES ($1) RETURNING "version"[0m  [["version", "20220121162315"]]
  ↳ bin/rails:9
  [1m[35m (0.4ms)[0m  [1m[35mCOMMIT[0m
  ↳ bin/rails:9
  [1m[36mActiveRecord::InternalMetadata Load (3.8ms)[0m  [1m[34mSELECT  "ar_internal_metadata".* FROM "ar_internal_metadata" WHERE "ar_internal_metadata"."key" = $1 LIMIT $2[0m  [["key", "environment"], ["LIMIT", 1]]
  ↳ bin/rails:9
  [1m[35m (0.1ms)[0m  [1m[35mBEGIN[0m
  ↳ bin/rails:9
  [1m[36mActiveRecord::InternalMetadata Create (0.5ms)[0m  [1m[32mINSERT INTO "ar_internal_metadata" ("key", "value", "created_at", "updated_at") VALUES ($1, $2, $3, $4) RETURNING "key"[0m  [["key", "environment"], ["value", "development"], ["created_at", "2022-01-21 16:27:08.059262"], ["updated_at", "2022-01-21 16:27:08.059262"]]
  ↳ bin/rails:9
  [1m[35m (0.2ms)[0m  [1m[35mCOMMIT[0m
  ↳ bin/rails:9
  [1m[35m (0.1ms)[0m  [1m[34mSELECT pg_advisory_unlock(6711173107426626090)[0m
  ↳ bin/rails:9
  [1m[35m (0.3ms)[0m  [1m[34mSELECT "schema_migrations"."version" FROM "schema_migrations" ORDER BY "schema_migrations"."version" ASC[0m
  ↳ bin/rails:9
  [1m[35m (1233.0ms)[0m  [1m[35mCREATE DATABASE "RedditClone_development" ENCODING = 'unicode'[0m
  ↳ bin/rails:9
  [1m[35m (1061.0ms)[0m  [1m[35mCREATE DATABASE "RedditClone_test" ENCODING = 'unicode'[0m
  ↳ bin/rails:9
Started GET "/" for ::1 at 2022-01-21 13:57:44 -0500
  [1m[35m (6.9ms)[0m  [1m[34mSELECT "schema_migrations"."version" FROM "schema_migrations" ORDER BY "schema_migrations"."version" ASC[0m
  ↳ /home/alex/.rbenv/versions/2.5.1/lib/ruby/gems/2.5.0/gems/activerecord-5.2.6/lib/active_record/log_subscriber.rb:98
Processing by Rails::WelcomeController#index as HTML
  Rendering /home/alex/.rbenv/versions/2.5.1/lib/ruby/gems/2.5.0/gems/railties-5.2.6/lib/rails/templates/rails/welcome/index.html.erb
  Rendered /home/alex/.rbenv/versions/2.5.1/lib/ruby/gems/2.5.0/gems/railties-5.2.6/lib/rails/templates/rails/welcome/index.html.erb (6.2ms)
Completed 200 OK in 41ms (Views: 23.8ms | ActiveRecord: 0.0ms)


Started GET "/session/new" for ::1 at 2022-01-21 13:58:15 -0500

SyntaxError - syntax error, unexpected keyword_end
    end
    ^~~
/home/alex/w7d5/RedditClone/app/controllers/sessions_controller.rb:18: syntax error, unexpected end-of-input, expecting keyword_end:
  app/controllers/sessions_controller.rb:11:in `'

Started POST "/__better_errors/4da568b4e78dc203/variables" for ::1 at 2022-01-21 13:58:15 -0500
Started GET "/session/new" for ::1 at 2022-01-21 13:58:30 -0500
Processing by SessionsController#new as HTML
Completed 500 Internal Server Error in 2ms (ActiveRecord: 0.0ms)



SyntaxError - syntax error, unexpected ':', expecting '}'
...tes :password, length {minimum: 6, allow_nil: true}
...                              ^
/home/alex/w7d5/RedditClone/app/models/user.rb:40: syntax error, unexpected end-of-input, expecting keyword_end:
  app/models/user.rb:7:in `'
  app/controllers/application_controller.rb:5:in `current_user'
  app/controllers/application_controller.rb:9:in `ensure_logged_in'

Started POST "/__better_errors/460fd5bf5d5a47ed/variables" for ::1 at 2022-01-21 13:58:30 -0500
Started GET "/session/new" for ::1 at 2022-01-21 13:59:48 -0500
Processing by SessionsController#new as HTML
  Rendering sessions/new.html.erb within layouts/application
  Rendered sessions/new.html.erb within layouts/application (0.2ms)
Completed 200 OK in 723ms (Views: 721.7ms | ActiveRecord: 0.0ms)


Started GET "/session/new" for ::1 at 2022-01-21 14:00:27 -0500
Processing by SessionsController#new as HTML
  Rendering sessions/new.html.erb within layouts/application
  Rendered sessions/new.html.erb within layouts/application (1.5ms)
Completed 200 OK in 31ms (Views: 24.9ms | ActiveRecord: 0.0ms)


Started GET "/session/new" for ::1 at 2022-01-21 14:08:11 -0500
Processing by SessionsController#new as HTML
  Rendering sessions/new.html.erb within layouts/application
  Rendered sessions/new.html.erb within layouts/application (0.3ms)
Completed 200 OK in 39ms (Views: 37.2ms | ActiveRecord: 0.0ms)


  [1m[35m (0.1ms)[0m  [1m[34mSELECT pg_try_advisory_lock(6711173107426626090)[0m
  ↳ bin/rails:9
  [1m[35m (0.4ms)[0m  [1m[34mSELECT "schema_migrations"."version" FROM "schema_migrations" ORDER BY "schema_migrations"."version" ASC[0m
  ↳ bin/rails:9
Migrating to CreateSubs (20220121194233)
  [1m[35m (0.1ms)[0m  [1m[35mBEGIN[0m
  ↳ bin/rails:9
  [1m[35m (45.0ms)[0m  [1m[35mCREATE TABLE "subs" ("id" bigserial primary key, "title" character varying NOT NULL, "description" character varying NOT NULL, "user_id" integer NOT NULL, "created_at" timestamp NOT NULL, "updated_at" timestamp NOT NULL)[0m
  ↳ db/migrate/20220121194233_create_subs.rb:3
  [1m[35m (2.4ms)[0m  [1m[35mCREATE  INDEX  "index_subs_on_title" ON "subs"  ("title")[0m
  ↳ db/migrate/20220121194233_create_subs.rb:11
  [1m[36mActiveRecord::SchemaMigration Create (0.4ms)[0m  [1m[32mINSERT INTO "schema_migrations" ("version") VALUES ($1) RETURNING "version"[0m  [["version", "20220121194233"]]
  ↳ bin/rails:9
  [1m[35m (4.5ms)[0m  [1m[35mCOMMIT[0m
  ↳ bin/rails:9
  [1m[36mActiveRecord::InternalMetadata Load (8.0ms)[0m  [1m[34mSELECT  "ar_internal_metadata".* FROM "ar_internal_metadata" WHERE "ar_internal_metadata"."key" = $1 LIMIT $2[0m  [["key", "environment"], ["LIMIT", 1]]
  ↳ bin/rails:9
  [1m[35m (0.2ms)[0m  [1m[35mBEGIN[0m
  ↳ bin/rails:9
  [1m[35m (0.1ms)[0m  [1m[35mCOMMIT[0m
  ↳ bin/rails:9
  [1m[35m (0.2ms)[0m  [1m[34mSELECT pg_advisory_unlock(6711173107426626090)[0m
  ↳ bin/rails:9
  [1m[35m (0.1ms)[0m  [1m[34mSELECT "schema_migrations"."version" FROM "schema_migrations" ORDER BY "schema_migrations"."version" ASC[0m
  ↳ bin/rails:9
Started GET "/" for ::1 at 2022-01-21 16:09:47 -0500

ActiveRecord::PendingMigrationError - Migrations are pending. To resolve this issue, run:
        bin/rails db:migrate RAILS_ENV=development:

Started POST "/__better_errors/6e7f25d8548e69eb/variables" for ::1 at 2022-01-21 16:09:47 -0500
  [1m[35m (229.5ms)[0m  [1m[35mCREATE TABLE "schema_migrations" ("version" character varying NOT NULL PRIMARY KEY)[0m
  ↳ bin/rails:9
  [1m[35m (134.5ms)[0m  [1m[35mCREATE TABLE "ar_internal_metadata" ("key" character varying NOT NULL PRIMARY KEY, "value" character varying, "created_at" timestamp NOT NULL, "updated_at" timestamp NOT NULL)[0m
  ↳ bin/rails:9
  [1m[35m (0.5ms)[0m  [1m[34mSELECT pg_try_advisory_lock(6711173107426626090)[0m
  ↳ bin/rails:9
  [1m[35m (0.3ms)[0m  [1m[34mSELECT "schema_migrations"."version" FROM "schema_migrations" ORDER BY "schema_migrations"."version" ASC[0m
  ↳ bin/rails:9
Migrating to CreateUsers (20220121162315)
  [1m[35m (0.2ms)[0m  [1m[35mBEGIN[0m
  ↳ bin/rails:9
  [1m[35m (158.0ms)[0m  [1m[35mCREATE TABLE "users" ("id" bigserial primary key, "username" character varying NOT NULL, "email" character varying NOT NULL, "password_digest" character varying, "session_token" character varying, "created_at" timestamp NOT NULL, "updated_at" timestamp NOT NULL)[0m
  ↳ db/migrate/20220121162315_create_users.rb:3
  [1m[35m (51.1ms)[0m  [1m[35mCREATE  INDEX  "index_users_on_username" ON "users"  ("username")[0m
  ↳ db/migrate/20220121162315_create_users.rb:12
  [1m[35m (48.6ms)[0m  [1m[35mCREATE  INDEX  "index_users_on_session_token" ON "users"  ("session_token")[0m
  ↳ db/migrate/20220121162315_create_users.rb:13
  [1m[36mActiveRecord::SchemaMigration Create (0.7ms)[0m  [1m[32mINSERT INTO "schema_migrations" ("version") VALUES ($1) RETURNING "version"[0m  [["version", "20220121162315"]]
  ↳ bin/rails:9
  [1m[35m (17.6ms)[0m  [1m[35mCOMMIT[0m
  ↳ bin/rails:9
Migrating to CreateSubs (20220121194233)
  [1m[35m (0.2ms)[0m  [1m[35mBEGIN[0m
  ↳ bin/rails:9
  [1m[35m (102.9ms)[0m  [1m[35mCREATE TABLE "subs" ("id" bigserial primary key, "title" character varying NOT NULL, "description" character varying NOT NULL, "user_id" integer NOT NULL, "created_at" timestamp NOT NULL, "updated_at" timestamp NOT NULL)[0m
  ↳ db/migrate/20220121194233_create_subs.rb:3
  [1m[35m (48.3ms)[0m  [1m[35mCREATE  INDEX  "index_subs_on_title" ON "subs"  ("title")[0m
  ↳ db/migrate/20220121194233_create_subs.rb:11
  [1m[36mActiveRecord::SchemaMigration Create (0.3ms)[0m  [1m[32mINSERT INTO "schema_migrations" ("version") VALUES ($1) RETURNING "version"[0m  [["version", "20220121194233"]]
  ↳ bin/rails:9
  [1m[35m (19.2ms)[0m  [1m[35mCOMMIT[0m
  ↳ bin/rails:9
Migrating to CreatePosts (20220121202503)
  [1m[35m (0.2ms)[0m  [1m[35mBEGIN[0m
  ↳ bin/rails:9
  [1m[35m (111.5ms)[0m  [1m[35mCREATE TABLE "posts" ("id" bigserial primary key, "title" character varying, "content" text, "sub_id" integer, "user_id" integer, "created_at" timestamp NOT NULL, "updated_at" timestamp NOT NULL)[0m
  ↳ db/migrate/20220121202503_create_posts.rb:3
  [1m[36mActiveRecord::SchemaMigration Create (0.4ms)[0m  [1m[32mINSERT INTO "schema_migrations" ("version") VALUES ($1) RETURNING "version"[0m  [["version", "20220121202503"]]
  ↳ bin/rails:9
  [1m[35m (19.0ms)[0m  [1m[35mCOMMIT[0m
  ↳ bin/rails:9
  [1m[36mActiveRecord::InternalMetadata Load (0.2ms)[0m  [1m[34mSELECT  "ar_internal_metadata".* FROM "ar_internal_metadata" WHERE "ar_internal_metadata"."key" = $1 LIMIT $2[0m  [["key", "environment"], ["LIMIT", 1]]
  ↳ bin/rails:9
  [1m[35m (0.1ms)[0m  [1m[35mBEGIN[0m
  ↳ bin/rails:9
  [1m[36mActiveRecord::InternalMetadata Create (0.5ms)[0m  [1m[32mINSERT INTO "ar_internal_metadata" ("key", "value", "created_at", "updated_at") VALUES ($1, $2, $3, $4) RETURNING "key"[0m  [["key", "environment"], ["value", "development"], ["created_at", "2022-01-21 21:10:12.731342"], ["updated_at", "2022-01-21 21:10:12.731342"]]
  ↳ bin/rails:9
  [1m[35m (21.6ms)[0m  [1m[35mCOMMIT[0m
  ↳ bin/rails:9
  [1m[35m (0.2ms)[0m  [1m[34mSELECT pg_advisory_unlock(6711173107426626090)[0m
  ↳ bin/rails:9
  [1m[35m (0.2ms)[0m  [1m[34mSELECT "schema_migrations"."version" FROM "schema_migrations" ORDER BY "schema_migrations"."version" ASC[0m
  ↳ bin/rails:9
Started GET "/" for ::1 at 2022-01-21 16:10:25 -0500
  [1m[35m (0.5ms)[0m  [1m[34mSELECT "schema_migrations"."version" FROM "schema_migrations" ORDER BY "schema_migrations"."version" ASC[0m
  ↳ /home/finaldessert/.rbenv/versions/2.5.1/lib/ruby/gems/2.5.0/gems/activerecord-5.2.6/lib/active_record/log_subscriber.rb:98
Processing by Rails::WelcomeController#index as HTML
  Rendering /home/finaldessert/.rbenv/versions/2.5.1/lib/ruby/gems/2.5.0/gems/railties-5.2.6/lib/rails/templates/rails/welcome/index.html.erb
  Rendered /home/finaldessert/.rbenv/versions/2.5.1/lib/ruby/gems/2.5.0/gems/railties-5.2.6/lib/rails/templates/rails/welcome/index.html.erb (3.4ms)
Completed 200 OK in 92ms (Views: 71.4ms | ActiveRecord: 0.0ms)


Started GET "/users" for ::1 at 2022-01-21 16:10:30 -0500
Processing by UsersController#index as HTML
Completed 500 Internal Server Error in 1ms (ActiveRecord: 0.0ms)



SyntaxError - syntax error, unexpected ':', expecting '}'
...tes :password, length {minimum: 6, allow_nil: true}
...                              ^
/home/finaldessert/aa_classwork_revamp/w7d5/RedditClone/app/models/user.rb:45: syntax error, unexpected end-of-input, expecting keyword_end:
  app/models/user.rb:7:in `'
  app/controllers/users_controller.rb:22:in `index'

Started POST "/__better_errors/49f8360406caafdd/variables" for ::1 at 2022-01-21 16:10:30 -0500
Started GET "/users" for ::1 at 2022-01-21 16:11:11 -0500
Processing by UsersController#index as HTML
Completed 500 Internal Server Error in 1ms (ActiveRecord: 0.0ms)



SyntaxError - syntax error, unexpected end-of-input, expecting keyword_end:
  app/models/user.rb:45:in `'
  app/controllers/users_controller.rb:22:in `index'

Started POST "/__better_errors/a41942a2d98a054f/variables" for ::1 at 2022-01-21 16:11:11 -0500
Started GET "/users" for ::1 at 2022-01-21 16:11:35 -0500
Processing by UsersController#index as HTML
Completed 500 Internal Server Error in 2ms (ActiveRecord: 0.0ms)



ArgumentError - You need to supply at least one validation:
  app/models/user.rb:5:in `<class:User>'
  app/models/user.rb:1:in `<top (required)>'
  app/controllers/users_controller.rb:22:in `index'

Started POST "/__better_errors/7b14a86a1a7c2aee/variables" for ::1 at 2022-01-21 16:11:35 -0500
Started GET "/users" for ::1 at 2022-01-21 16:12:04 -0500
Processing by UsersController#index as HTML
  Rendering users/index.html.erb within layouts/application
  Rendered users/index.html.erb within layouts/application (2.2ms)
Completed 500 Internal Server Error in 9ms (ActiveRecord: 0.0ms)



NoMethodError - undefined method `each' for nil:NilClass:
  app/views/users/index.html.erb:4:in `_app_views_users_index_html_erb___3745622441117600824_70029314562720'

Started POST "/__better_errors/bb7343da310c021e/variables" for ::1 at 2022-01-21 16:12:04 -0500
  [1m[36mUser Load (0.5ms)[0m  [1m[34mSELECT  "users".* FROM "users" LIMIT $1[0m  [["LIMIT", 11]]
  ↳ /home/finaldessert/.rbenv/versions/2.5.1/lib/ruby/gems/2.5.0/gems/activerecord-5.2.6/lib/active_record/log_subscriber.rb:98
  [1m[36mCACHE User Load (0.0ms)[0m  [1m[34mSELECT  "users".* FROM "users" LIMIT $1[0m  [["LIMIT", 11]]
  ↳ /home/finaldessert/.rbenv/versions/2.5.1/lib/ruby/gems/2.5.0/gems/activerecord-5.2.6/lib/active_record/log_subscriber.rb:98
  [1m[36mCACHE User Load (0.0ms)[0m  [1m[34mSELECT  "users".* FROM "users" LIMIT $1[0m  [["LIMIT", 11]]
  ↳ /home/finaldessert/.rbenv/versions/2.5.1/lib/ruby/gems/2.5.0/gems/activerecord-5.2.6/lib/active_record/log_subscriber.rb:98
Started GET "/users" for ::1 at 2022-01-21 16:12:24 -0500
Processing by UsersController#index as HTML
  Rendering users/index.html.erb within layouts/application
  [1m[36mUser Load (0.2ms)[0m  [1m[34mSELECT "users".* FROM "users"[0m
  ↳ app/views/users/index.html.erb:4
  Rendered users/index.html.erb within layouts/application (2.0ms)
Completed 200 OK in 288ms (Views: 284.9ms | ActiveRecord: 1.0ms)


Started GET "/users" for ::1 at 2022-01-21 16:14:25 -0500
Processing by UsersController#index as HTML
  Rendering users/index.html.erb within layouts/application
  [1m[36mUser Load (0.4ms)[0m  [1m[34mSELECT "users".* FROM "users"[0m
  ↳ app/views/users/index.html.erb:4
  Rendered users/index.html.erb within layouts/application (1.3ms)
Completed 200 OK in 12ms (Views: 10.8ms | ActiveRecord: 0.4ms)


Started GET "/users/new" for ::1 at 2022-01-21 16:20:49 -0500
Processing by UsersController#new as HTML
  Rendering users/new.html.erb within layouts/application
  Rendered users/new.html.erb within layouts/application (0.3ms)
Completed 200 OK in 17ms (Views: 10.9ms | ActiveRecord: 1.9ms)


Started GET "/users/new" for ::1 at 2022-01-21 16:22:43 -0500
Processing by UsersController#new as HTML
  Rendering users/new.html.erb within layouts/application
  Rendered users/new.html.erb within layouts/application (0.4ms)
Completed 200 OK in 11ms (Views: 9.8ms | ActiveRecord: 0.0ms)


Started POST "/users/users_url" for ::1 at 2022-01-21 16:22:45 -0500
  
ActionController::RoutingError (No route matches [POST] "/users/users_url"):
  
actionpack (5.2.6) lib/action_dispatch/middleware/debug_exceptions.rb:65:in `call'
web-console (3.7.0) lib/web_console/middleware.rb:135:in `call_app'
web-console (3.7.0) lib/web_console/middleware.rb:30:in `block in call'
web-console (3.7.0) lib/web_console/middleware.rb:20:in `catch'
web-console (3.7.0) lib/web_console/middleware.rb:20:in `call'
actionpack (5.2.6) lib/action_dispatch/middleware/show_exceptions.rb:33:in `call'
railties (5.2.6) lib/rails/rack/logger.rb:38:in `call_app'
railties (5.2.6) lib/rails/rack/logger.rb:26:in `block in call'
activesupport (5.2.6) lib/active_support/tagged_logging.rb:71:in `block in tagged'
activesupport (5.2.6) lib/active_support/tagged_logging.rb:28:in `tagged'
activesupport (5.2.6) lib/active_support/tagged_logging.rb:71:in `tagged'
railties (5.2.6) lib/rails/rack/logger.rb:26:in `call'
sprockets-rails (3.4.2) lib/sprockets/rails/quiet_assets.rb:13:in `call'
actionpack (5.2.6) lib/action_dispatch/middleware/remote_ip.rb:81:in `call'
actionpack (5.2.6) lib/action_dispatch/middleware/request_id.rb:27:in `call'
rack (2.2.3) lib/rack/method_override.rb:24:in `call'
rack (2.2.3) lib/rack/runtime.rb:22:in `call'
activesupport (5.2.6) lib/active_support/cache/strategy/local_cache_middleware.rb:29:in `call'
actionpack (5.2.6) lib/action_dispatch/middleware/executor.rb:14:in `call'
actionpack (5.2.6) lib/action_dispatch/middleware/static.rb:127:in `call'
rack (2.2.3) lib/rack/sendfile.rb:110:in `call'
railties (5.2.6) lib/rails/engine.rb:524:in `call'
puma (3.12.6) lib/puma/configuration.rb:227:in `call'
puma (3.12.6) lib/puma/server.rb:706:in `handle_request'
puma (3.12.6) lib/puma/server.rb:476:in `process_client'
puma (3.12.6) lib/puma/server.rb:334:in `block in run'
puma (3.12.6) lib/puma/thread_pool.rb:135:in `block in spawn_thread'
  [1m[35m (0.5ms)[0m  [1m[34mSELECT "schema_migrations"."version" FROM "schema_migrations" ORDER BY "schema_migrations"."version" ASC[0m
  ↳ bin/rails:9
  [1m[35m (0.2ms)[0m  [1m[34mSELECT pg_try_advisory_lock(6711173107426626090)[0m
  ↳ bin/rails:9
  [1m[35m (0.4ms)[0m  [1m[34mSELECT "schema_migrations"."version" FROM "schema_migrations" ORDER BY "schema_migrations"."version" ASC[0m
  ↳ bin/rails:9
Migrating to CreatePosts (20220121202503)
  [1m[35m (0.1ms)[0m  [1m[35mBEGIN[0m
  ↳ bin/rails:9
  [1m[35m (27.9ms)[0m  [1m[35mCREATE TABLE "posts" ("id" bigserial primary key, "title" character varying, "content" text, "sub_id" integer, "user_id" integer, "created_at" timestamp NOT NULL, "updated_at" timestamp NOT NULL)[0m
  ↳ db/migrate/20220121202503_create_posts.rb:3
  [1m[36mActiveRecord::SchemaMigration Create (0.3ms)[0m  [1m[32mINSERT INTO "schema_migrations" ("version") VALUES ($1) RETURNING "version"[0m  [["version", "20220121202503"]]
  ↳ bin/rails:9
  [1m[35m (4.0ms)[0m  [1m[35mCOMMIT[0m
  ↳ bin/rails:9
  [1m[36mActiveRecord::InternalMetadata Load (4.5ms)[0m  [1m[34mSELECT  "ar_internal_metadata".* FROM "ar_internal_metadata" WHERE "ar_internal_metadata"."key" = $1 LIMIT $2[0m  [["key", "environment"], ["LIMIT", 1]]
  ↳ bin/rails:9
  [1m[35m (0.1ms)[0m  [1m[35mBEGIN[0m
  ↳ bin/rails:9
  [1m[35m (0.1ms)[0m  [1m[35mCOMMIT[0m
  ↳ bin/rails:9
  [1m[35m (0.2ms)[0m  [1m[34mSELECT pg_advisory_unlock(6711173107426626090)[0m
  ↳ bin/rails:9
  [1m[35m (0.1ms)[0m  [1m[34mSELECT "schema_migrations"."version" FROM "schema_migrations" ORDER BY "schema_migrations"."version" ASC[0m
  ↳ bin/rails:9
Started GET "/users" for ::1 at 2022-01-21 16:51:16 -0500
  [1m[35m (8.6ms)[0m  [1m[34mSELECT "schema_migrations"."version" FROM "schema_migrations" ORDER BY "schema_migrations"."version" ASC[0m
  ↳ /home/alex/.rbenv/versions/2.5.1/lib/ruby/gems/2.5.0/gems/activerecord-5.2.6/lib/active_record/log_subscriber.rb:98
Processing by UsersController#index as HTML
  Rendering users/index.html.erb within layouts/application
  [1m[36mUser Load (0.6ms)[0m  [1m[34mSELECT "users".* FROM "users"[0m
  ↳ app/views/users/index.html.erb:4
  Rendered users/index.html.erb within layouts/application (3.3ms)
Completed 200 OK in 253ms (Views: 242.3ms | ActiveRecord: 1.6ms)


Started GET "/users/new" for ::1 at 2022-01-21 16:51:21 -0500
Processing by UsersController#new as HTML
  Rendering users/new.html.erb within layouts/application
  Rendered users/new.html.erb within layouts/application (0.5ms)
Completed 200 OK in 25ms (Views: 18.0ms | ActiveRecord: 2.1ms)


Started POST "/users" for ::1 at 2022-01-21 16:51:31 -0500
Processing by UsersController#create as HTML
  Parameters: {"authenticity_token"=>"gXB1HMFB6owjn1PyNU+9uLWwNMzjFtHu7CcKscZFfDS5Fd7cOuNC1T4tkBcEqU+KDGgnZ+kpYbzWGozx3pMPBQ==", "user"=>{"email"=>"joe@hotmail.com", "username"=>"hjoe", "password"=>"[FILTERED]"}}
Started GET "/users/new" for 127.0.0.1 at 2022-01-21 16:52:11 -0500
  [1m[35m (0.7ms)[0m  [1m[34mSELECT "schema_migrations"."version" FROM "schema_migrations" ORDER BY "schema_migrations"."version" ASC[0m
  ↳ /home/alex/.rbenv/versions/2.5.1/lib/ruby/gems/2.5.0/gems/activerecord-5.2.6/lib/active_record/log_subscriber.rb:98
Processing by UsersController#new as HTML
  Rendering users/new.html.erb within layouts/application
  Rendered users/new.html.erb within layouts/application (1.3ms)
Completed 200 OK in 182ms (Views: 165.8ms | ActiveRecord: 3.3ms)


Started GET "/users/new" for 127.0.0.1 at 2022-01-21 16:52:14 -0500
Processing by UsersController#new as HTML
  Rendering users/new.html.erb within layouts/application
  Rendered users/new.html.erb within layouts/application (0.4ms)
Completed 200 OK in 18ms (Views: 16.4ms | ActiveRecord: 0.0ms)


Started POST "/users" for 127.0.0.1 at 2022-01-21 16:52:33 -0500
Processing by UsersController#create as HTML
  Parameters: {"authenticity_token"=>"OfnvQk0PLxFp4W5l2IZEbLEOkPuJUv+xrMJE1WEG/xIBnESCtq2HSHRTrYDpYLZeCNaDUINtT+OW/8KVedCMIw==", "user"=>{"email"=>"dog@hotmail.com", "username"=>"dog", "password"=>"[FILTERED]"}}
  [1m[35m (0.1ms)[0m  [1m[35mBEGIN[0m
  ↳ app/controllers/users_controller.rb:10
  [1m[36mUser Exists (0.7ms)[0m  [1m[34mSELECT  1 AS one FROM "users" WHERE "users"."username" = $1 LIMIT $2[0m  [["username", "dog"], ["LIMIT", 1]]
  ↳ app/controllers/users_controller.rb:10
  [1m[36mUser Exists (0.2ms)[0m  [1m[34mSELECT  1 AS one FROM "users" WHERE "users"."email" = $1 LIMIT $2[0m  [["email", "dog@hotmail.com"], ["LIMIT", 1]]
  ↳ app/controllers/users_controller.rb:10
  [1m[36mUser Exists (0.2ms)[0m  [1m[34mSELECT  1 AS one FROM "users" WHERE "users"."session_token" IS NULL LIMIT $1[0m  [["LIMIT", 1]]
  ↳ app/controllers/users_controller.rb:10
  [1m[36mUser Create (1.3ms)[0m  [1m[32mINSERT INTO "users" ("username", "email", "password_digest", "created_at", "updated_at") VALUES ($1, $2, $3, $4, $5) RETURNING "id"[0m  [["username", "dog"], ["email", "dog@hotmail.com"], ["password_digest", "$2a$12$qk.MKujO560/JqzOkLcti.D5apNxJ4c8zNOyt52WZJIPs5YZQHK8."], ["created_at", "2022-01-21 21:52:33.611535"], ["updated_at", "2022-01-21 21:52:33.611535"]]
  ↳ app/controllers/users_controller.rb:10
  [1m[35m (4.1ms)[0m  [1m[35mCOMMIT[0m
  ↳ app/controllers/users_controller.rb:10
Completed 500 Internal Server Error in 192ms (ActiveRecord: 6.7ms)



ArgumentError - wrong number of arguments (given 1, expected 0):
  app/controllers/application_controller.rb:16:in `login!'
  app/controllers/users_controller.rb:12:in `create'

Started POST "/__better_errors/9cccfc337a52a477/variables" for 127.0.0.1 at 2022-01-21 16:52:33 -0500
Started GET "/" for ::1 at 2022-01-21 16:54:27 -0500
  [1m[35m (0.5ms)[0m  [1m[34mSELECT "schema_migrations"."version" FROM "schema_migrations" ORDER BY "schema_migrations"."version" ASC[0m
  ↳ /home/finaldessert/.rbenv/versions/2.5.1/lib/ruby/gems/2.5.0/gems/activerecord-5.2.6/lib/active_record/log_subscriber.rb:98
Processing by Rails::WelcomeController#index as HTML
  Rendering /home/finaldessert/.rbenv/versions/2.5.1/lib/ruby/gems/2.5.0/gems/railties-5.2.6/lib/rails/templates/rails/welcome/index.html.erb
  Rendered /home/finaldessert/.rbenv/versions/2.5.1/lib/ruby/gems/2.5.0/gems/railties-5.2.6/lib/rails/templates/rails/welcome/index.html.erb (1.3ms)
Completed 200 OK in 6ms (Views: 2.9ms | ActiveRecord: 0.0ms)


Started GET "/users/new" for ::1 at 2022-01-21 16:54:31 -0500
Processing by UsersController#new as HTML
  Rendering users/new.html.erb within layouts/application
  Rendered users/new.html.erb within layouts/application (0.7ms)
Completed 200 OK in 140ms (Views: 128.6ms | ActiveRecord: 4.6ms)


Started POST "/users" for ::1 at 2022-01-21 16:54:43 -0500
Processing by UsersController#create as HTML
  Parameters: {"authenticity_token"=>"7dsmK56kYjTWUeG1L72OB9hpfoEvpAEuGMl6bSgJiIMLZJyWW2+IBJVgy5dZcdTbtIg5EKPgKYPNmSLztFhhpg==", "user"=>{"email"=>"dog@hotmail.com", "username"=>"dog", "password"=>"[FILTERED]"}}
  [1m[35m (0.2ms)[0m  [1m[35mBEGIN[0m
  ↳ app/controllers/users_controller.rb:10
  [1m[36mUser Exists (0.9ms)[0m  [1m[34mSELECT  1 AS one FROM "users" WHERE "users"."username" = $1 LIMIT $2[0m  [["username", "dog"], ["LIMIT", 1]]
  ↳ app/controllers/users_controller.rb:10
  [1m[36mUser Exists (0.3ms)[0m  [1m[34mSELECT  1 AS one FROM "users" WHERE "users"."email" = $1 LIMIT $2[0m  [["email", "dog@hotmail.com"], ["LIMIT", 1]]
  ↳ app/controllers/users_controller.rb:10
  [1m[36mUser Exists (0.2ms)[0m  [1m[34mSELECT  1 AS one FROM "users" WHERE "users"."session_token" IS NULL LIMIT $1[0m  [["LIMIT", 1]]
  ↳ app/controllers/users_controller.rb:10
  [1m[36mUser Create (2.0ms)[0m  [1m[32mINSERT INTO "users" ("username", "email", "password_digest", "created_at", "updated_at") VALUES ($1, $2, $3, $4, $5) RETURNING "id"[0m  [["username", "dog"], ["email", "dog@hotmail.com"], ["password_digest", "$2a$12$WBjtxgbSGZO9ywg/B1SXquyH/88qLkHRgjDAcKNvzdTSrid5iqo4C"], ["created_at", "2022-01-21 21:54:43.296269"], ["updated_at", "2022-01-21 21:54:43.296269"]]
  ↳ app/controllers/users_controller.rb:10
  [1m[35m (71.8ms)[0m  [1m[35mCOMMIT[0m
  ↳ app/controllers/users_controller.rb:10
Completed 500 Internal Server Error in 260ms (ActiveRecord: 75.4ms)



ArgumentError - wrong number of arguments (given 1, expected 0):
  app/controllers/application_controller.rb:16:in `login!'
  app/controllers/users_controller.rb:12:in `create'

Started POST "/__better_errors/66f0392997295c74/variables" for ::1 at 2022-01-21 16:54:43 -0500
Started POST "/users" for ::1 at 2022-01-21 16:55:59 -0500
Processing by UsersController#create as HTML
  Parameters: {"authenticity_token"=>"7dsmK56kYjTWUeG1L72OB9hpfoEvpAEuGMl6bSgJiIMLZJyWW2+IBJVgy5dZcdTbtIg5EKPgKYPNmSLztFhhpg==", "user"=>{"email"=>"dog@hotmail.com", "username"=>"dog", "password"=>"[FILTERED]"}}
  [1m[35m (0.2ms)[0m  [1m[35mBEGIN[0m
  ↳ app/controllers/users_controller.rb:10
  [1m[36mUser Exists (0.3ms)[0m  [1m[34mSELECT  1 AS one FROM "users" WHERE "users"."username" = $1 LIMIT $2[0m  [["username", "dog"], ["LIMIT", 1]]
  ↳ app/controllers/users_controller.rb:10
  [1m[36mUser Exists (0.3ms)[0m  [1m[34mSELECT  1 AS one FROM "users" WHERE "users"."email" = $1 LIMIT $2[0m  [["email", "dog@hotmail.com"], ["LIMIT", 1]]
  ↳ app/controllers/users_controller.rb:10
  [1m[36mUser Exists (0.3ms)[0m  [1m[34mSELECT  1 AS one FROM "users" WHERE "users"."session_token" IS NULL LIMIT $1[0m  [["LIMIT", 1]]
  ↳ app/controllers/users_controller.rb:10
  [1m[35m (0.3ms)[0m  [1m[31mROLLBACK[0m
  ↳ app/controllers/users_controller.rb:10
Redirected to http://localhost:3000/users/new
Completed 302 Found in 264ms (ActiveRecord: 3.4ms)


Started GET "/users/new" for ::1 at 2022-01-21 16:55:59 -0500
Processing by UsersController#new as HTML
  Rendering users/new.html.erb within layouts/application
  Rendered users/new.html.erb within layouts/application (0.4ms)
Completed 200 OK in 16ms (Views: 14.7ms | ActiveRecord: 0.0ms)


Started POST "/users" for ::1 at 2022-01-21 16:56:05 -0500
Processing by UsersController#create as HTML
  Parameters: {"authenticity_token"=>"qbkfT3eHaeABpgJoYHHAmJmCQ3FU9B6I4pFMBZVAvypPBqXyskyD0EKXKEoWvZpE9WME4NiwNiU3wRSbCRFWDw==", "user"=>{"email"=>"dog@hotmail.com", "username"=>"dog", "password"=>"[FILTERED]"}}
  [1m[35m (0.2ms)[0m  [1m[35mBEGIN[0m
  ↳ app/controllers/users_controller.rb:10
  [1m[36mUser Exists (0.3ms)[0m  [1m[34mSELECT  1 AS one FROM "users" WHERE "users"."username" = $1 LIMIT $2[0m  [["username", "dog"], ["LIMIT", 1]]
  ↳ app/controllers/users_controller.rb:10
  [1m[36mUser Exists (0.1ms)[0m  [1m[34mSELECT  1 AS one FROM "users" WHERE "users"."email" = $1 LIMIT $2[0m  [["email", "dog@hotmail.com"], ["LIMIT", 1]]
  ↳ app/controllers/users_controller.rb:10
  [1m[36mUser Exists (0.1ms)[0m  [1m[34mSELECT  1 AS one FROM "users" WHERE "users"."session_token" IS NULL LIMIT $1[0m  [["LIMIT", 1]]
  ↳ app/controllers/users_controller.rb:10
  [1m[35m (0.3ms)[0m  [1m[31mROLLBACK[0m
  ↳ app/controllers/users_controller.rb:10
Redirected to http://localhost:3000/users/new
Completed 302 Found in 193ms (ActiveRecord: 1.1ms)


Started GET "/users/new" for ::1 at 2022-01-21 16:56:05 -0500
Processing by UsersController#new as HTML
  Rendering users/new.html.erb within layouts/application
  Rendered users/new.html.erb within layouts/application (1.0ms)
Completed 200 OK in 30ms (Views: 28.4ms | ActiveRecord: 0.0ms)


Started GET "/users" for ::1 at 2022-01-21 16:56:11 -0500
Processing by UsersController#index as HTML
  Rendering users/index.html.erb within layouts/application
  [1m[36mUser Load (0.4ms)[0m  [1m[34mSELECT "users".* FROM "users"[0m
  ↳ app/views/users/index.html.erb:4
  Rendered users/index.html.erb within layouts/application (6.0ms)
Completed 200 OK in 27ms (Views: 25.7ms | ActiveRecord: 0.4ms)


Started GET "/users/new" for ::1 at 2022-01-21 16:57:24 -0500
Processing by UsersController#new as HTML
  Rendering users/new.html.erb within layouts/application
  Rendered users/new.html.erb within layouts/application (0.8ms)
Completed 200 OK in 28ms (Views: 14.1ms | ActiveRecord: 3.4ms)


Started POST "/users" for ::1 at 2022-01-21 16:59:28 -0500
Processing by UsersController#create as HTML
  Parameters: {"authenticity_token"=>"PFpDQ9Ssvk0pSxpC+c9cB2C1Kvi+y2cBDdi80IXgS0fa5fn+EWdUfWp6MGCPAwbbDFRtaTKPT6zYiOROGbGiYg==", "user"=>{"email"=>"cat@cat.com", "username"=>"cat", "password"=>"[FILTERED]"}}
  [1m[35m (0.2ms)[0m  [1m[35mBEGIN[0m
  ↳ app/controllers/users_controller.rb:10
  [1m[36mUser Exists (0.2ms)[0m  [1m[34mSELECT  1 AS one FROM "users" WHERE "users"."username" = $1 LIMIT $2[0m  [["username", "cat"], ["LIMIT", 1]]
  ↳ app/controllers/users_controller.rb:10
  [1m[36mUser Exists (0.1ms)[0m  [1m[34mSELECT  1 AS one FROM "users" WHERE "users"."email" = $1 LIMIT $2[0m  [["email", "cat@cat.com"], ["LIMIT", 1]]
  ↳ app/controllers/users_controller.rb:10
  [1m[36mUser Exists (0.2ms)[0m  [1m[34mSELECT  1 AS one FROM "users" WHERE "users"."session_token" IS NULL LIMIT $1[0m  [["LIMIT", 1]]
  ↳ app/controllers/users_controller.rb:10
  [1m[35m (0.1ms)[0m  [1m[31mROLLBACK[0m
  ↳ app/controllers/users_controller.rb:10
Redirected to http://localhost:3000/users/new
Completed 302 Found in 191ms (ActiveRecord: 2.7ms)


Started GET "/users/new" for ::1 at 2022-01-21 16:59:29 -0500
Processing by UsersController#new as HTML
  Rendering users/new.html.erb within layouts/application
  Rendered users/new.html.erb within layouts/application (0.3ms)
Completed 200 OK in 12ms (Views: 10.9ms | ActiveRecord: 0.0ms)


Started GET "/users" for ::1 at 2022-01-21 16:59:33 -0500
Processing by UsersController#index as HTML
  Rendering users/index.html.erb within layouts/application
  [1m[36mUser Load (0.3ms)[0m  [1m[34mSELECT "users".* FROM "users"[0m
  ↳ app/views/users/index.html.erb:4
  Rendered users/index.html.erb within layouts/application (1.2ms)
Completed 200 OK in 12ms (Views: 10.8ms | ActiveRecord: 0.3ms)


Started GET "/users" for ::1 at 2022-01-21 16:59:36 -0500
Processing by UsersController#index as HTML
  Rendering users/index.html.erb within layouts/application
  [1m[36mUser Load (0.2ms)[0m  [1m[34mSELECT "users".* FROM "users"[0m
  ↳ app/views/users/index.html.erb:4
  Rendered users/index.html.erb within layouts/application (0.9ms)
Completed 200 OK in 12ms (Views: 11.0ms | ActiveRecord: 0.2ms)


Started GET "/new" for ::1 at 2022-01-21 16:59:39 -0500
  
ActionController::RoutingError (No route matches [GET] "/new"):
  
actionpack (5.2.6) lib/action_dispatch/middleware/debug_exceptions.rb:65:in `call'
web-console (3.7.0) lib/web_console/middleware.rb:135:in `call_app'
web-console (3.7.0) lib/web_console/middleware.rb:30:in `block in call'
web-console (3.7.0) lib/web_console/middleware.rb:20:in `catch'
web-console (3.7.0) lib/web_console/middleware.rb:20:in `call'
actionpack (5.2.6) lib/action_dispatch/middleware/show_exceptions.rb:33:in `call'
railties (5.2.6) lib/rails/rack/logger.rb:38:in `call_app'
railties (5.2.6) lib/rails/rack/logger.rb:26:in `block in call'
activesupport (5.2.6) lib/active_support/tagged_logging.rb:71:in `block in tagged'
activesupport (5.2.6) lib/active_support/tagged_logging.rb:28:in `tagged'
activesupport (5.2.6) lib/active_support/tagged_logging.rb:71:in `tagged'
railties (5.2.6) lib/rails/rack/logger.rb:26:in `call'
sprockets-rails (3.4.2) lib/sprockets/rails/quiet_assets.rb:13:in `call'
actionpack (5.2.6) lib/action_dispatch/middleware/remote_ip.rb:81:in `call'
actionpack (5.2.6) lib/action_dispatch/middleware/request_id.rb:27:in `call'
rack (2.2.3) lib/rack/method_override.rb:24:in `call'
rack (2.2.3) lib/rack/runtime.rb:22:in `call'
activesupport (5.2.6) lib/active_support/cache/strategy/local_cache_middleware.rb:29:in `call'
actionpack (5.2.6) lib/action_dispatch/middleware/executor.rb:14:in `call'
actionpack (5.2.6) lib/action_dispatch/middleware/static.rb:127:in `call'
rack (2.2.3) lib/rack/sendfile.rb:110:in `call'
railties (5.2.6) lib/rails/engine.rb:524:in `call'
puma (3.12.6) lib/puma/configuration.rb:227:in `call'
puma (3.12.6) lib/puma/server.rb:706:in `handle_request'
puma (3.12.6) lib/puma/server.rb:476:in `process_client'
puma (3.12.6) lib/puma/server.rb:334:in `block in run'
puma (3.12.6) lib/puma/thread_pool.rb:135:in `block in spawn_thread'
Started GET "/users/mew" for ::1 at 2022-01-21 16:59:44 -0500
Processing by UsersController#show as HTML
  Parameters: {"id"=>"mew"}
  [1m[36mUser Load (0.2ms)[0m  [1m[34mSELECT  "users".* FROM "users" WHERE "users"."id" = $1 LIMIT $2[0m  [["id", 0], ["LIMIT", 1]]
  ↳ app/controllers/users_controller.rb:20
Completed 404 Not Found in 2ms (ActiveRecord: 0.4ms)



ActiveRecord::RecordNotFound - Couldn't find User with 'id'=mew:
  app/controllers/users_controller.rb:20:in `show'

Started POST "/__better_errors/474ab5048eb83fc3/variables" for ::1 at 2022-01-21 16:59:44 -0500
Started GET "/users/new" for ::1 at 2022-01-21 16:59:46 -0500
Processing by UsersController#new as HTML
  Rendering users/new.html.erb within layouts/application
  Rendered users/new.html.erb within layouts/application (0.4ms)
Completed 200 OK in 11ms (Views: 10.6ms | ActiveRecord: 0.0ms)


Started POST "/users" for ::1 at 2022-01-21 16:59:53 -0500
Processing by UsersController#create as HTML
  Parameters: {"authenticity_token"=>"N+iWxGGBkHaT2EowVgzGvB+gTT1SBLNqmHKu/lVZivLRVyx5pEp6RtDpYBIgwJxgc0EKrN5Am8dNIvZgyQhj1w==", "user"=>{"email"=>"cat@cat.com", "username"=>"cat", "password"=>"[FILTERED]"}}
  [1m[35m (0.2ms)[0m  [1m[35mBEGIN[0m
  ↳ app/controllers/users_controller.rb:10
  [1m[36mUser Exists (0.2ms)[0m  [1m[34mSELECT  1 AS one FROM "users" WHERE "users"."username" = $1 LIMIT $2[0m  [["username", "cat"], ["LIMIT", 1]]
  ↳ app/controllers/users_controller.rb:10
  [1m[36mUser Exists (0.2ms)[0m  [1m[34mSELECT  1 AS one FROM "users" WHERE "users"."email" = $1 LIMIT $2[0m  [["email", "cat@cat.com"], ["LIMIT", 1]]
  ↳ app/controllers/users_controller.rb:10
  [1m[36mUser Exists (0.2ms)[0m  [1m[34mSELECT  1 AS one FROM "users" WHERE "users"."session_token" IS NULL LIMIT $1[0m  [["LIMIT", 1]]
  ↳ app/controllers/users_controller.rb:10
  [1m[35m (0.1ms)[0m  [1m[31mROLLBACK[0m
  ↳ app/controllers/users_controller.rb:10
Redirected to http://localhost:3000/users/new
Completed 302 Found in 184ms (ActiveRecord: 0.9ms)


Started GET "/users/new" for ::1 at 2022-01-21 16:59:53 -0500
Processing by UsersController#new as HTML
  Rendering users/new.html.erb within layouts/application
  Rendered users/new.html.erb within layouts/application (0.3ms)
Completed 200 OK in 10ms (Views: 9.2ms | ActiveRecord: 0.0ms)


Started GET "/users" for ::1 at 2022-01-21 17:00:00 -0500
Processing by UsersController#index as HTML
  Rendering users/index.html.erb within layouts/application
  [1m[36mUser Load (0.3ms)[0m  [1m[34mSELECT "users".* FROM "users"[0m
  ↳ app/views/users/index.html.erb:4
  Rendered users/index.html.erb within layouts/application (1.2ms)
Completed 200 OK in 12ms (Views: 10.9ms | ActiveRecord: 0.3ms)


Started POST "/users" for ::1 at 2022-01-21 17:00:19 -0500
Processing by UsersController#create as HTML
  Parameters: {"authenticity_token"=>"UYaUexHrBPC3wl2ezQXQO0HZg/s6sEh65bOv6H4xNdu3OS7G1CDuwPTzd7y7yYrnLTjEarb0YNcw4/d24mDc/g==", "user"=>{"email"=>"cat@cat.com", "username"=>"cat", "password"=>"[FILTERED]"}}
  [1m[35m (0.2ms)[0m  [1m[35mBEGIN[0m
  ↳ app/controllers/users_controller.rb:10
  [1m[36mUser Exists (0.2ms)[0m  [1m[34mSELECT  1 AS one FROM "users" WHERE "users"."username" = $1 LIMIT $2[0m  [["username", "cat"], ["LIMIT", 1]]
  ↳ app/controllers/users_controller.rb:10
  [1m[36mUser Exists (0.1ms)[0m  [1m[34mSELECT  1 AS one FROM "users" WHERE "users"."email" = $1 LIMIT $2[0m  [["email", "cat@cat.com"], ["LIMIT", 1]]
  ↳ app/controllers/users_controller.rb:10
  [1m[36mUser Exists (0.3ms)[0m  [1m[34mSELECT  1 AS one FROM "users" WHERE "users"."session_token" IS NULL LIMIT $1[0m  [["LIMIT", 1]]
  ↳ app/controllers/users_controller.rb:10
  [1m[35m (0.1ms)[0m  [1m[31mROLLBACK[0m
  ↳ app/controllers/users_controller.rb:10
Redirected to http://localhost:3000/users/new
Completed 302 Found in 184ms (ActiveRecord: 1.0ms)


Started GET "/users/new" for ::1 at 2022-01-21 17:00:19 -0500
Processing by UsersController#new as HTML
  Rendering users/new.html.erb within layouts/application
  Rendered users/new.html.erb within layouts/application (0.3ms)
Completed 200 OK in 11ms (Views: 10.3ms | ActiveRecord: 0.0ms)


Started GET "/users" for ::1 at 2022-01-21 17:00:22 -0500
Processing by UsersController#index as HTML
  Rendering users/index.html.erb within layouts/application
  [1m[36mUser Load (0.3ms)[0m  [1m[34mSELECT "users".* FROM "users"[0m
  ↳ app/views/users/index.html.erb:4
  Rendered users/index.html.erb within layouts/application (1.3ms)
Completed 200 OK in 13ms (Views: 11.4ms | ActiveRecord: 0.3ms)


Started GET "/users" for ::1 at 2022-01-21 17:00:22 -0500
Processing by UsersController#index as HTML
  Rendering users/index.html.erb within layouts/application
  [1m[36mUser Load (0.2ms)[0m  [1m[34mSELECT "users".* FROM "users"[0m
  ↳ app/views/users/index.html.erb:4
  Rendered users/index.html.erb within layouts/application (1.0ms)
Completed 200 OK in 13ms (Views: 11.8ms | ActiveRecord: 0.2ms)


Started GET "/users" for ::1 at 2022-01-21 17:00:22 -0500
Processing by UsersController#index as HTML
  Rendering users/index.html.erb within layouts/application
  [1m[36mUser Load (0.4ms)[0m  [1m[34mSELECT "users".* FROM "users"[0m
  ↳ app/views/users/index.html.erb:4
  Rendered users/index.html.erb within layouts/application (1.5ms)
Completed 200 OK in 14ms (Views: 12.2ms | ActiveRecord: 0.4ms)


Started GET "/users" for ::1 at 2022-01-21 17:00:23 -0500
Processing by UsersController#index as HTML
  Rendering users/index.html.erb within layouts/application
  [1m[36mUser Load (0.2ms)[0m  [1m[34mSELECT "users".* FROM "users"[0m
  ↳ app/views/users/index.html.erb:4
  Rendered users/index.html.erb within layouts/application (1.1ms)
Completed 200 OK in 19ms (Views: 17.9ms | ActiveRecord: 0.2ms)


Started GET "/users" for ::1 at 2022-01-21 17:00:40 -0500
Processing by UsersController#index as HTML
  Rendering users/index.html.erb within layouts/application
  [1m[36mUser Load (0.3ms)[0m  [1m[34mSELECT "users".* FROM "users"[0m
  ↳ app/views/users/index.html.erb:4
  Rendered users/index.html.erb within layouts/application (6.0ms)
Completed 200 OK in 20ms (Views: 14.8ms | ActiveRecord: 2.2ms)


Started POST "/users" for ::1 at 2022-01-21 17:00:50 -0500
Processing by UsersController#create as HTML
  Parameters: {"authenticity_token"=>"3ebKVO4J6vg8J+JXv/rXH64EPwwWc40uocpjugXDEGI7WXDpK8IAyH8WyHXJNo3DwuV4nZo3pYN0mjskmZL5Rw==", "user"=>{"email"=>"cat@cat.com", "username"=>"cat", "password"=>"[FILTERED]"}}
  [1m[35m (0.2ms)[0m  [1m[35mBEGIN[0m
  ↳ app/controllers/users_controller.rb:10
  [1m[36mUser Exists (0.3ms)[0m  [1m[34mSELECT  1 AS one FROM "users" WHERE "users"."username" = $1 LIMIT $2[0m  [["username", "cat"], ["LIMIT", 1]]
  ↳ app/controllers/users_controller.rb:10
  [1m[36mUser Exists (0.2ms)[0m  [1m[34mSELECT  1 AS one FROM "users" WHERE "users"."email" = $1 LIMIT $2[0m  [["email", "cat@cat.com"], ["LIMIT", 1]]
  ↳ app/controllers/users_controller.rb:10
  [1m[36mUser Exists (0.3ms)[0m  [1m[34mSELECT  1 AS one FROM "users" WHERE "users"."session_token" IS NULL LIMIT $1[0m  [["LIMIT", 1]]
  ↳ app/controllers/users_controller.rb:10
  [1m[35m (0.1ms)[0m  [1m[31mROLLBACK[0m
  ↳ app/controllers/users_controller.rb:10
Redirected to http://localhost:3000/users/new
Completed 302 Found in 185ms (ActiveRecord: 1.1ms)


Started GET "/users/new" for ::1 at 2022-01-21 17:00:50 -0500
Processing by UsersController#new as HTML
  Rendering users/new.html.erb within layouts/application
  Rendered users/new.html.erb within layouts/application (0.3ms)
Completed 200 OK in 11ms (Views: 9.9ms | ActiveRecord: 0.0ms)


Started GET "/users" for ::1 at 2022-01-21 17:00:52 -0500
Processing by UsersController#index as HTML
  Rendering users/index.html.erb within layouts/application
  [1m[36mUser Load (0.2ms)[0m  [1m[34mSELECT "users".* FROM "users"[0m
  ↳ app/views/users/index.html.erb:4
  Rendered users/index.html.erb within layouts/application (1.0ms)
Completed 200 OK in 12ms (Views: 11.2ms | ActiveRecord: 0.2ms)


Started GET "/users" for ::1 at 2022-01-21 17:00:53 -0500
Processing by UsersController#index as HTML
  Rendering users/index.html.erb within layouts/application
  [1m[36mUser Load (0.4ms)[0m  [1m[34mSELECT "users".* FROM "users"[0m
  ↳ app/views/users/index.html.erb:4
  Rendered users/index.html.erb within layouts/application (1.3ms)
Completed 200 OK in 12ms (Views: 10.6ms | ActiveRecord: 0.4ms)


Started GET "/users" for ::1 at 2022-01-21 17:00:53 -0500
Processing by UsersController#index as HTML
  Rendering users/index.html.erb within layouts/application
  [1m[36mUser Load (0.2ms)[0m  [1m[34mSELECT "users".* FROM "users"[0m
  ↳ app/views/users/index.html.erb:4
  Rendered users/index.html.erb within layouts/application (1.0ms)
Completed 200 OK in 12ms (Views: 10.7ms | ActiveRecord: 0.2ms)


Started GET "/users" for ::1 at 2022-01-21 17:00:53 -0500
Processing by UsersController#index as HTML
  Rendering users/index.html.erb within layouts/application
  [1m[36mUser Load (0.3ms)[0m  [1m[34mSELECT "users".* FROM "users"[0m
  ↳ app/views/users/index.html.erb:4
  Rendered users/index.html.erb within layouts/application (1.1ms)
Completed 200 OK in 13ms (Views: 11.8ms | ActiveRecord: 0.3ms)


Started GET "/users" for ::1 at 2022-01-21 17:00:53 -0500
Processing by UsersController#index as HTML
  Rendering users/index.html.erb within layouts/application
  [1m[36mUser Load (0.3ms)[0m  [1m[34mSELECT "users".* FROM "users"[0m
  ↳ app/views/users/index.html.erb:4
  Rendered users/index.html.erb within layouts/application (1.1ms)
Completed 200 OK in 17ms (Views: 15.9ms | ActiveRecord: 0.3ms)


Started POST "/users" for ::1 at 2022-01-21 17:02:08 -0500
Processing by UsersController#create as HTML
  Parameters: {"authenticity_token"=>"nouOWgw8egsDp+Io6tZi1VACi4IAkKTKVT3A+f7xTvN4NDTnyfeQO0CWyAqcGjgJPOPME4zUjGeAbZhnYqCn1g==", "user"=>{"email"=>"joe@joe.com", "username"=>"koe", "password"=>"[FILTERED]"}}
  [1m[35m (0.2ms)[0m  [1m[35mBEGIN[0m
  ↳ app/controllers/users_controller.rb:10
  [1m[36mUser Exists (0.4ms)[0m  [1m[34mSELECT  1 AS one FROM "users" WHERE "users"."username" = $1 LIMIT $2[0m  [["username", "koe"], ["LIMIT", 1]]
  ↳ app/controllers/users_controller.rb:10
  [1m[36mUser Exists (0.1ms)[0m  [1m[34mSELECT  1 AS one FROM "users" WHERE "users"."email" = $1 LIMIT $2[0m  [["email", "joe@joe.com"], ["LIMIT", 1]]
  ↳ app/controllers/users_controller.rb:10
  [1m[36mUser Exists (0.1ms)[0m  [1m[34mSELECT  1 AS one FROM "users" WHERE "users"."session_token" IS NULL LIMIT $1[0m  [["LIMIT", 1]]
  ↳ app/controllers/users_controller.rb:10
  [1m[35m (0.1ms)[0m  [1m[31mROLLBACK[0m
  ↳ app/controllers/users_controller.rb:10
Redirected to http://localhost:3000/users/new
Completed 302 Found in 191ms (ActiveRecord: 3.0ms)


Started GET "/users/new" for ::1 at 2022-01-21 17:02:09 -0500
Processing by UsersController#new as HTML
  Rendering users/new.html.erb within layouts/application
  Rendered users/new.html.erb within layouts/application (0.3ms)
Completed 200 OK in 12ms (Views: 11.0ms | ActiveRecord: 0.0ms)


Started GET "/users" for ::1 at 2022-01-21 17:02:11 -0500
Processing by UsersController#index as HTML
  Rendering users/index.html.erb within layouts/application
  [1m[36mUser Load (0.3ms)[0m  [1m[34mSELECT "users".* FROM "users"[0m
  ↳ app/views/users/index.html.erb:4
  Rendered users/index.html.erb within layouts/application (1.0ms)
Completed 200 OK in 12ms (Views: 11.1ms | ActiveRecord: 0.3ms)


